# JRE version: 7.0_10-b18
# Java VM: Java HotSpot(TM) 64-Bit Server VM (23.6-b04 mixed mode bsd-amd64 compressed oops)
Heap
 PSYoungGen      total 23296K, used 15144K [0x0000000147750000, 0x000000014a4b0000, 0x00000001616a0000)
  eden space 20032K, 60% used [0x0000000147750000,0x0000000148334a08,0x0000000148ae0000)
  from space 3264K, 90% used [0x0000000148ae0000,0x0000000148dc56f0,0x0000000148e10000)
  to   space 3200K, 0% used [0x000000014a190000,0x000000014a190000,0x000000014a4b0000)
 ParOldGen       total 53120K, used 4250K [0x00000001138a0000, 0x0000000116c80000, 0x0000000147750000)
  object space 53120K, 8% used [0x00000001138a0000,0x0000000113cc6b10,0x0000000116c80000)
 PSPermGen       total 21248K, used 12544K [0x000000010e6a0000, 0x000000010fb60000, 0x00000001138a0000)
  object space 21248K, 59% used [0x000000010e6a0000,0x000000010f2e01d8,0x000000010fb60000)
GC Heap History (10 events):
Event: 7.668 GC heap before
{Heap before GC invocations=1 (full 0):
 PSYoungGen      total 23296K, used 20032K [0x0000000147750000, 0x0000000149140000, 0x00000001616a0000)
  eden space 20032K, 100% used [0x0000000147750000,0x0000000148ae0000,0x0000000148ae0000)
  from space 3264K, 0% used [0x0000000148e10000,0x0000000148e10000,0x0000000149140000)
  to   space 3264K, 0% used [0x0000000148ae0000,0x0000000148ae0000,0x0000000148e10000)
 ParOldGen       total 53120K, used 0K [0x00000001138a0000, 0x0000000116c80000, 0x0000000147750000)
  object space 53120K, 0% used [0x00000001138a0000,0x00000001138a0000,0x0000000116c80000)
 PSPermGen       total 21248K, used 11780K [0x000000010e6a0000, 0x000000010fb60000, 0x00000001138a0000)
  object space 21248K, 55% used [0x000000010e6a0000,0x000000010f221228,0x000000010fb60000)
Event: 7.676 GC heap after
Heap after GC invocations=1 (full 0):
 PSYoungGen      total 23296K, used 2419K [0x0000000147750000, 0x0000000149140000, 0x00000001616a0000)
  eden space 20032K, 0% used [0x0000000147750000,0x0000000147750000,0x0000000148ae0000)
  from space 3264K, 74% used [0x0000000148ae0000,0x0000000148d3cd40,0x0000000148e10000)
  to   space 3264K, 0% used [0x0000000148e10000,0x0000000148e10000,0x0000000149140000)
 ParOldGen       total 53120K, used 4226K [0x00000001138a0000, 0x0000000116c80000, 0x0000000147750000)
  object space 53120K, 7% used [0x00000001138a0000,0x0000000113cc0b10,0x0000000116c80000)
 PSPermGen       total 21248K, used 11780K [0x000000010e6a0000, 0x000000010fb60000, 0x00000001138a0000)
  object space 21248K, 55% used [0x000000010e6a0000,0x000000010f221228,0x000000010fb60000)
}
Event: 9.518 GC heap before
{Heap before GC invocations=2 (full 0):
 PSYoungGen      total 23296K, used 22451K [0x0000000147750000, 0x0000000149140000, 0x00000001616a0000)
  eden space 20032K, 100% used [0x0000000147750000,0x0000000148ae0000,0x0000000148ae0000)
  from space 3264K, 74% used [0x0000000148ae0000,0x0000000148d3cd40,0x0000000148e10000)
  to   space 3264K, 0% used [0x0000000148e10000,0x0000000148e10000,0x0000000149140000)
 ParOldGen       total 53120K, used 4226K [0x00000001138a0000, 0x0000000116c80000, 0x0000000147750000)
  object space 53120K, 7% used [0x00000001138a0000,0x0000000113cc0b10,0x0000000116c80000)
 PSPermGen       total 21248K, used 12369K [0x000000010e6a0000, 0x000000010fb60000, 0x00000001138a0000)
  object space 21248K, 58% used [0x000000010e6a0000,0x000000010f2b4438,0x000000010fb60000)
Event: 9.527 GC heap after
Heap after GC invocations=2 (full 0):
 PSYoungGen      total 23296K, used 2515K [0x0000000147750000, 0x0000000149140000, 0x00000001616a0000)
  eden space 20032K, 0% used [0x0000000147750000,0x0000000147750000,0x0000000148ae0000)
  from space 3264K, 77% used [0x0000000148e10000,0x0000000149084d40,0x0000000149140000)
  to   space 3264K, 0% used [0x0000000148ae0000,0x0000000148ae0000,0x0000000148e10000)
 ParOldGen       total 53120K, used 4234K [0x00000001138a0000, 0x0000000116c80000, 0x0000000147750000)
  object space 53120K, 7% used [0x00000001138a0000,0x0000000113cc2b10,0x0000000116c80000)
 PSPermGen       total 21248K, used 12369K [0x000000010e6a0000, 0x000000010fb60000, 0x00000001138a0000)
  object space 21248K, 58% used [0x000000010e6a0000,0x000000010f2b4438,0x000000010fb60000)
}
Event: 17.876 GC heap before
{Heap before GC invocations=3 (full 0):
 PSYoungGen      total 23296K, used 22547K [0x0000000147750000, 0x0000000149140000, 0x00000001616a0000)
  eden space 20032K, 100% used [0x0000000147750000,0x0000000148ae0000,0x0000000148ae0000)
  from space 3264K, 77% used [0x0000000148e10000,0x0000000149084d40,0x0000000149140000)
  to   space 3264K, 0% used [0x0000000148ae0000,0x0000000148ae0000,0x0000000148e10000)
 ParOldGen       total 53120K, used 4234K [0x00000001138a0000, 0x0000000116c80000, 0x0000000147750000)
  object space 53120K, 7% used [0x00000001138a0000,0x0000000113cc2b10,0x0000000116c80000)
 PSPermGen       total 21248K, used 12518K [0x000000010e6a0000, 0x000000010fb60000, 0x00000001138a0000)
  object space 21248K, 58% used [0x000000010e6a0000,0x000000010f2d9808,0x000000010fb60000)
Event: 17.887 GC heap after
Heap after GC invocations=3 (full 0):
 PSYoungGen      total 23296K, used 2773K [0x0000000147750000, 0x0000000149140000, 0x00000001616a0000)
  eden space 20032K, 0% used [0x0000000147750000,0x0000000147750000,0x0000000148ae0000)
  from space 3264K, 84% used [0x0000000148ae0000,0x0000000148d956f0,0x0000000148e10000)
  to   space 3264K, 0% used [0x0000000148e10000,0x0000000148e10000,0x0000000149140000)
 ParOldGen       total 53120K, used 4242K [0x00000001138a0000, 0x0000000116c80000, 0x0000000147750000)
  object space 53120K, 7% used [0x00000001138a0000,0x0000000113cc4b10,0x0000000116c80000)
 PSPermGen       total 21248K, used 12518K [0x000000010e6a0000, 0x000000010fb60000, 0x00000001138a0000)
  object space 21248K, 58% used [0x000000010e6a0000,0x000000010f2d9808,0x000000010fb60000)
}
Event: 18.417 GC heap before
{Heap before GC invocations=4 (full 0):
 PSYoungGen      total 23296K, used 22805K [0x0000000147750000, 0x0000000149140000, 0x00000001616a0000)
  eden space 20032K, 100% used [0x0000000147750000,0x0000000148ae0000,0x0000000148ae0000)
  from space 3264K, 84% used [0x0000000148ae0000,0x0000000148d956f0,0x0000000148e10000)
  to   space 3264K, 0% used [0x0000000148e10000,0x0000000148e10000,0x0000000149140000)
 ParOldGen       total 53120K, used 4242K [0x00000001138a0000, 0x0000000116c80000, 0x0000000147750000)
  object space 53120K, 7% used [0x00000001138a0000,0x0000000113cc4b10,0x0000000116c80000)
 PSPermGen       total 21248K, used 12533K [0x000000010e6a0000, 0x000000010fb60000, 0x00000001138a0000)
  object space 21248K, 58% used [0x000000010e6a0000,0x000000010f2dd508,0x000000010fb60000)
Event: 18.427 GC heap after
Heap after GC invocations=4 (full 0):
 PSYoungGen      total 23296K, used 2901K [0x0000000147750000, 0x0000000149140000, 0x00000001616a0000)
  eden space 20032K, 0% used [0x0000000147750000,0x0000000147750000,0x0000000148ae0000)
  from space 3264K, 88% used [0x0000000148e10000,0x00000001490e56f0,0x0000000149140000)
  to   space 3264K, 0% used [0x0000000148ae0000,0x0000000148ae0000,0x0000000148e10000)
 ParOldGen       total 53120K, used 4250K [0x00000001138a0000, 0x0000000116c80000, 0x0000000147750000)
  object space 53120K, 8% used [0x00000001138a0000,0x0000000113cc6b10,0x0000000116c80000)
 PSPermGen       total 21248K, used 12533K [0x000000010e6a0000, 0x000000010fb60000, 0x00000001138a0000)
  object space 21248K, 58% used [0x000000010e6a0000,0x000000010f2dd508,0x000000010fb60000)
}
Event: 18.781 GC heap before
{Heap before GC invocations=5 (full 0):
 PSYoungGen      total 23296K, used 22933K [0x0000000147750000, 0x0000000149140000, 0x00000001616a0000)
  eden space 20032K, 100% used [0x0000000147750000,0x0000000148ae0000,0x0000000148ae0000)
  from space 3264K, 88% used [0x0000000148e10000,0x00000001490e56f0,0x0000000149140000)
  to   space 3264K, 0% used [0x0000000148ae0000,0x0000000148ae0000,0x0000000148e10000)
 ParOldGen       total 53120K, used 4250K [0x00000001138a0000, 0x0000000116c80000, 0x0000000147750000)
  object space 53120K, 8% used [0x00000001138a0000,0x0000000113cc6b10,0x0000000116c80000)
 PSPermGen       total 21248K, used 12538K [0x000000010e6a0000, 0x000000010fb60000, 0x00000001138a0000)
  object space 21248K, 59% used [0x000000010e6a0000,0x000000010f2dea50,0x000000010fb60000)
Event: 18.791 GC heap after
Heap after GC invocations=5 (full 0):
 PSYoungGen      total 23296K, used 2965K [0x0000000147750000, 0x000000014a4b0000, 0x00000001616a0000)
  eden space 20032K, 0% used [0x0000000147750000,0x0000000147750000,0x0000000148ae0000)
  from space 3264K, 90% used [0x0000000148ae0000,0x0000000148dc56f0,0x0000000148e10000)
  to   space 3200K, 0% used [0x000000014a190000,0x000000014a190000,0x000000014a4b0000)
 ParOldGen       total 53120K, used 4250K [0x00000001138a0000, 0x0000000116c80000, 0x0000000147750000)
  object space 53120K, 8% used [0x00000001138a0000,0x0000000113cc6b10,0x0000000116c80000)
 PSPermGen       total 21248K, used 12538K [0x000000010e6a0000, 0x000000010fb60000, 0x00000001138a0000)
  object space 21248K, 59% used [0x000000010e6a0000,0x000000010f2dea50,0x000000010fb60000)
}

