# JRE version: 7.0_10-b18
# Java VM: Java HotSpot(TM) 64-Bit Server VM (23.6-b04 mixed mode bsd-amd64 compressed oops)
Heap
 def new generation   total 6336K, used 6010K [0x000000010fd30000, 0x0000000110400000, 0x00000001145d0000)
  eden space 5696K, 100% used [0x000000010fd30000, 0x00000001102c0000, 0x00000001102c0000)
  from space 640K,  49% used [0x0000000110360000, 0x00000001103aeab0, 0x0000000110400000)
  to   space 640K,   0% used [0x00000001102c0000, 0x00000001102c0000, 0x0000000110360000)
 tenured generation   total 13776K, used 12762K [0x00000001145d0000, 0x0000000115344000, 0x000000011d730000)
   the space 13776K,  92% used [0x00000001145d0000, 0x0000000115246958, 0x0000000115246a00, 0x0000000115344000)
 compacting perm gen  total 21248K, used 12436K [0x000000011d730000, 0x000000011ebf0000, 0x0000000122930000)
   the space 21248K,  58% used [0x000000011d730000, 0x000000011e3551d8, 0x000000011e355200, 0x000000011ebf0000)
GC Heap History (10 events):
Event: 15.797 GC heap before
{Heap before GC invocations=82 (full 1):
 def new generation   total 6336K, used 6008K [0x000000010fd30000, 0x0000000110400000, 0x00000001145d0000)
  eden space 5696K, 100% used [0x000000010fd30000, 0x00000001102c0000, 0x00000001102c0000)
  from space 640K,  48% used [0x00000001102c0000, 0x000000011030e208, 0x0000000110360000)
  to   space 640K,   0% used [0x0000000110360000, 0x0000000110360000, 0x0000000110400000)
 tenured generation   total 13776K, used 12349K [0x00000001145d0000, 0x0000000115344000, 0x000000011d730000)
   the space 13776K,  89% used [0x00000001145d0000, 0x00000001151df450, 0x00000001151df600, 0x0000000115344000)
 compacting perm gen  total 21248K, used 12433K [0x000000011d730000, 0x000000011ebf0000, 0x0000000122930000)
   the space 21248K,  58% used [0x000000011d730000, 0x000000011e354770, 0x000000011e354800, 0x000000011ebf0000)
No shared spaces configured.
Event: 15.799 GC heap after
Heap after GC invocations=83 (full 1):
 def new generation   total 6336K, used 521K [0x000000010fd30000, 0x0000000110400000, 0x00000001145d0000)
  eden space 5696K,   0% used [0x000000010fd30000, 0x000000010fd30000, 0x00000001102c0000)
  from space 640K,  81% used [0x0000000110360000, 0x00000001103e24d8, 0x0000000110400000)
  to   space 640K,   0% used [0x00000001102c0000, 0x00000001102c0000, 0x0000000110360000)
 tenured generation   total 13776K, used 12349K [0x00000001145d0000, 0x0000000115344000, 0x000000011d730000)
   the space 13776K,  89% used [0x00000001145d0000, 0x00000001151df450, 0x00000001151df600, 0x0000000115344000)
 compacting perm gen  total 21248K, used 12433K [0x000000011d730000, 0x000000011ebf0000, 0x0000000122930000)
   the space 21248K,  58% used [0x000000011d730000, 0x000000011e354770, 0x000000011e354800, 0x000000011ebf0000)
No shared spaces configured.
}
Event: 15.843 GC heap before
{Heap before GC invocations=83 (full 1):
 def new generation   total 6336K, used 6217K [0x000000010fd30000, 0x0000000110400000, 0x00000001145d0000)
  eden space 5696K, 100% used [0x000000010fd30000, 0x00000001102c0000, 0x00000001102c0000)
  from space 640K,  81% used [0x0000000110360000, 0x00000001103e24d8, 0x0000000110400000)
  to   space 640K,   0% used [0x00000001102c0000, 0x00000001102c0000, 0x0000000110360000)
 tenured generation   total 13776K, used 12349K [0x00000001145d0000, 0x0000000115344000, 0x000000011d730000)
   the space 13776K,  89% used [0x00000001145d0000, 0x00000001151df450, 0x00000001151df600, 0x0000000115344000)
 compacting perm gen  total 21248K, used 12433K [0x000000011d730000, 0x000000011ebf0000, 0x0000000122930000)
   the space 21248K,  58% used [0x000000011d730000, 0x000000011e354790, 0x000000011e354800, 0x000000011ebf0000)
No shared spaces configured.
Event: 15.845 GC heap after
Heap after GC invocations=84 (full 1):
 def new generation   total 6336K, used 24K [0x000000010fd30000, 0x0000000110400000, 0x00000001145d0000)
  eden space 5696K,   0% used [0x000000010fd30000, 0x000000010fd30000, 0x00000001102c0000)
  from space 640K,   3% used [0x00000001102c0000, 0x00000001102c60c8, 0x0000000110360000)
  to   space 640K,   0% used [0x0000000110360000, 0x0000000110360000, 0x0000000110400000)
 tenured generation   total 13776K, used 12380K [0x00000001145d0000, 0x0000000115344000, 0x000000011d730000)
   the space 13776K,  89% used [0x00000001145d0000, 0x00000001151e7208, 0x00000001151e7400, 0x0000000115344000)
 compacting perm gen  total 21248K, used 12433K [0x000000011d730000, 0x000000011ebf0000, 0x0000000122930000)
   the space 21248K,  58% used [0x000000011d730000, 0x000000011e354790, 0x000000011e354800, 0x000000011ebf0000)
No shared spaces configured.
}
Event: 16.013 GC heap before
{Heap before GC invocations=84 (full 1):
 def new generation   total 6336K, used 5720K [0x000000010fd30000, 0x0000000110400000, 0x00000001145d0000)
  eden space 5696K, 100% used [0x000000010fd30000, 0x00000001102c0000, 0x00000001102c0000)
  from space 640K,   3% used [0x00000001102c0000, 0x00000001102c60c8, 0x0000000110360000)
  to   space 640K,   0% used [0x0000000110360000, 0x0000000110360000, 0x0000000110400000)
 tenured generation   total 13776K, used 12380K [0x00000001145d0000, 0x0000000115344000, 0x000000011d730000)
   the space 13776K,  89% used [0x00000001145d0000, 0x00000001151e7208, 0x00000001151e7400, 0x0000000115344000)
 compacting perm gen  total 21248K, used 12435K [0x000000011d730000, 0x000000011ebf0000, 0x0000000122930000)
   the space 21248K,  58% used [0x000000011d730000, 0x000000011e354da8, 0x000000011e354e00, 0x000000011ebf0000)
No shared spaces configured.
Event: 16.018 GC heap after
Heap after GC invocations=85 (full 1):
 def new generation   total 6336K, used 639K [0x000000010fd30000, 0x0000000110400000, 0x00000001145d0000)
  eden space 5696K,   0% used [0x000000010fd30000, 0x000000010fd30000, 0x00000001102c0000)
  from space 640K,  99% used [0x0000000110360000, 0x00000001103ffff8, 0x0000000110400000)
  to   space 640K,   0% used [0x00000001102c0000, 0x00000001102c0000, 0x0000000110360000)
 tenured generation   total 13776K, used 12628K [0x00000001145d0000, 0x0000000115344000, 0x000000011d730000)
   the space 13776K,  91% used [0x00000001145d0000, 0x00000001152251d8, 0x0000000115225200, 0x0000000115344000)
 compacting perm gen  total 21248K, used 12435K [0x000000011d730000, 0x000000011ebf0000, 0x0000000122930000)
   the space 21248K,  58% used [0x000000011d730000, 0x000000011e354da8, 0x000000011e354e00, 0x000000011ebf0000)
No shared spaces configured.
}
Event: 16.153 GC heap before
{Heap before GC invocations=85 (full 1):
 def new generation   total 6336K, used 6335K [0x000000010fd30000, 0x0000000110400000, 0x00000001145d0000)
  eden space 5696K, 100% used [0x000000010fd30000, 0x00000001102c0000, 0x00000001102c0000)
  from space 640K,  99% used [0x0000000110360000, 0x00000001103ffff8, 0x0000000110400000)
  to   space 640K,   0% used [0x00000001102c0000, 0x00000001102c0000, 0x0000000110360000)
 tenured generation   total 13776K, used 12628K [0x00000001145d0000, 0x0000000115344000, 0x000000011d730000)
   the space 13776K,  91% used [0x00000001145d0000, 0x00000001152251d8, 0x0000000115225200, 0x0000000115344000)
 compacting perm gen  total 21248K, used 12435K [0x000000011d730000, 0x000000011ebf0000, 0x0000000122930000)
   the space 21248K,  58% used [0x000000011d730000, 0x000000011e354fb8, 0x000000011e355000, 0x000000011ebf0000)
No shared spaces configured.
Event: 16.156 GC heap after
Heap after GC invocations=86 (full 1):
 def new generation   total 6336K, used 640K [0x000000010fd30000, 0x0000000110400000, 0x00000001145d0000)
  eden space 5696K,   0% used [0x000000010fd30000, 0x000000010fd30000, 0x00000001102c0000)
  from space 640K, 100% used [0x00000001102c0000, 0x0000000110360000, 0x0000000110360000)
  to   space 640K,   0% used [0x0000000110360000, 0x0000000110360000, 0x0000000110400000)
 tenured generation   total 13776K, used 12741K [0x00000001145d0000, 0x0000000115344000, 0x000000011d730000)
   the space 13776K,  92% used [0x00000001145d0000, 0x00000001152415c0, 0x0000000115241600, 0x0000000115344000)
 compacting perm gen  total 21248K, used 12435K [0x000000011d730000, 0x000000011ebf0000, 0x0000000122930000)
   the space 21248K,  58% used [0x000000011d730000, 0x000000011e354fb8, 0x000000011e355000, 0x000000011ebf0000)
No shared spaces configured.
}
Event: 16.192 GC heap before
{Heap before GC invocations=86 (full 1):
 def new generation   total 6336K, used 6336K [0x000000010fd30000, 0x0000000110400000, 0x00000001145d0000)
  eden space 5696K, 100% used [0x000000010fd30000, 0x00000001102c0000, 0x00000001102c0000)
  from space 640K, 100% used [0x00000001102c0000, 0x0000000110360000, 0x0000000110360000)
  to   space 640K,   0% used [0x0000000110360000, 0x0000000110360000, 0x0000000110400000)
 tenured generation   total 13776K, used 12741K [0x00000001145d0000, 0x0000000115344000, 0x000000011d730000)
   the space 13776K,  92% used [0x00000001145d0000, 0x00000001152415c0, 0x0000000115241600, 0x0000000115344000)
 compacting perm gen  total 21248K, used 12436K [0x000000011d730000, 0x000000011ebf0000, 0x0000000122930000)
   the space 21248K,  58% used [0x000000011d730000, 0x000000011e3551d8, 0x000000011e355200, 0x000000011ebf0000)
No shared spaces configured.
Event: 16.194 GC heap after
Heap after GC invocations=87 (full 1):
 def new generation   total 6336K, used 314K [0x000000010fd30000, 0x0000000110400000, 0x00000001145d0000)
  eden space 5696K,   0% used [0x000000010fd30000, 0x000000010fd30000, 0x00000001102c0000)
  from space 640K,  49% used [0x0000000110360000, 0x00000001103aeab0, 0x0000000110400000)
  to   space 640K,   0% used [0x00000001102c0000, 0x00000001102c0000, 0x0000000110360000)
 tenured generation   total 13776K, used 12762K [0x00000001145d0000, 0x0000000115344000, 0x000000011d730000)
   the space 13776K,  92% used [0x00000001145d0000, 0x0000000115246958, 0x0000000115246a00, 0x0000000115344000)
 compacting perm gen  total 21248K, used 12436K [0x000000011d730000, 0x000000011ebf0000, 0x0000000122930000)
   the space 21248K,  58% used [0x000000011d730000, 0x000000011e3551d8, 0x000000011e355200, 0x000000011ebf0000)
No shared spaces configured.
}

