# JRE version: 7.0_10-b18
# Java VM: Java HotSpot(TM) 64-Bit Server VM (23.6-b04 mixed mode bsd-amd64 compressed oops)
Heap
 PSYoungGen      total 18944K, used 5539K [0x000000014a6c0000, 0x000000014bc00000, 0x0000000164610000)
  eden space 17024K, 27% used [0x000000014a6c0000,0x000000014ab40ee8,0x000000014b760000)
  from space 1920K, 48% used [0x000000014ba20000,0x000000014bb08000,0x000000014bc00000)
  to   space 2368K, 0% used [0x000000014b760000,0x000000014b760000,0x000000014b9b0000)
 ParOldGen       total 53184K, used 16796K [0x0000000116810000, 0x0000000119c00000, 0x000000014a6c0000)
  object space 53184K, 31% used [0x0000000116810000,0x0000000117877160,0x0000000119c00000)
 PSPermGen       total 21248K, used 12803K [0x0000000111610000, 0x0000000112ad0000, 0x0000000116810000)
  object space 21248K, 60% used [0x0000000111610000,0x0000000112290c98,0x0000000112ad0000)
GC Heap History (10 events):
Event: 101.605 GC heap before
{Heap before GC invocations=22 (full 0):
 PSYoungGen      total 19648K, used 19616K [0x000000014a6c0000, 0x000000014bf10000, 0x0000000164610000)
  eden space 19008K, 100% used [0x000000014a6c0000,0x000000014b950000,0x000000014b950000)
  from space 640K, 95% used [0x000000014b9c0000,0x000000014ba58000,0x000000014ba60000)
  to   space 2944K, 0% used [0x000000014bc30000,0x000000014bc30000,0x000000014bf10000)
 ParOldGen       total 53184K, used 16468K [0x0000000116810000, 0x0000000119c00000, 0x000000014a6c0000)
  object space 53184K, 30% used [0x0000000116810000,0x0000000117825180,0x0000000119c00000)
 PSPermGen       total 21248K, used 12789K [0x0000000111610000, 0x0000000112ad0000, 0x0000000116810000)
  object space 21248K, 60% used [0x0000000111610000,0x000000011228d668,0x0000000112ad0000)
Event: 101.609 GC heap after
Heap after GC invocations=22 (full 0):
 PSYoungGen      total 20928K, used 192K [0x000000014a6c0000, 0x000000014be80000, 0x0000000164610000)
  eden space 18560K, 0% used [0x000000014a6c0000,0x000000014a6c0000,0x000000014b8e0000)
  from space 2368K, 8% used [0x000000014bc30000,0x000000014bc60000,0x000000014be80000)
  to   space 2880K, 0% used [0x000000014b8e0000,0x000000014b8e0000,0x000000014bbb0000)
 ParOldGen       total 53184K, used 16535K [0x0000000116810000, 0x0000000119c00000, 0x000000014a6c0000)
  object space 53184K, 31% used [0x0000000116810000,0x0000000117835f30,0x0000000119c00000)
 PSPermGen       total 21248K, used 12789K [0x0000000111610000, 0x0000000112ad0000, 0x0000000116810000)
  object space 21248K, 60% used [0x0000000111610000,0x000000011228d668,0x0000000112ad0000)
}
Event: 101.831 GC heap before
{Heap before GC invocations=23 (full 0):
 PSYoungGen      total 20928K, used 18752K [0x000000014a6c0000, 0x000000014be80000, 0x0000000164610000)
  eden space 18560K, 100% used [0x000000014a6c0000,0x000000014b8e0000,0x000000014b8e0000)
  from space 2368K, 8% used [0x000000014bc30000,0x000000014bc60000,0x000000014be80000)
  to   space 2880K, 0% used [0x000000014b8e0000,0x000000014b8e0000,0x000000014bbb0000)
 ParOldGen       total 53184K, used 16535K [0x0000000116810000, 0x0000000119c00000, 0x000000014a6c0000)
  object space 53184K, 31% used [0x0000000116810000,0x0000000117835f30,0x0000000119c00000)
 PSPermGen       total 21248K, used 12795K [0x0000000111610000, 0x0000000112ad0000, 0x0000000116810000)
  object space 21248K, 60% used [0x0000000111610000,0x000000011228ec48,0x0000000112ad0000)
Event: 101.833 GC heap after
Heap after GC invocations=23 (full 0):
 PSYoungGen      total 18304K, used 128K [0x000000014a6c0000, 0x000000014be00000, 0x0000000164610000)
  eden space 18176K, 0% used [0x000000014a6c0000,0x000000014a6c0000,0x000000014b880000)
  from space 128K, 100% used [0x000000014b8e0000,0x000000014b900000,0x000000014b900000)
  to   space 2816K, 0% used [0x000000014bb40000,0x000000014bb40000,0x000000014be00000)
 ParOldGen       total 53184K, used 16619K [0x0000000116810000, 0x0000000119c00000, 0x000000014a6c0000)
  object space 53184K, 31% used [0x0000000116810000,0x000000011784af28,0x0000000119c00000)
 PSPermGen       total 21248K, used 12795K [0x0000000111610000, 0x0000000112ad0000, 0x0000000116810000)
  object space 21248K, 60% used [0x0000000111610000,0x000000011228ec48,0x0000000112ad0000)
}
Event: 102.159 GC heap before
{Heap before GC invocations=24 (full 0):
 PSYoungGen      total 18304K, used 18304K [0x000000014a6c0000, 0x000000014be00000, 0x0000000164610000)
  eden space 18176K, 100% used [0x000000014a6c0000,0x000000014b880000,0x000000014b880000)
  from space 128K, 100% used [0x000000014b8e0000,0x000000014b900000,0x000000014b900000)
  to   space 2816K, 0% used [0x000000014bb40000,0x000000014bb40000,0x000000014be00000)
 ParOldGen       total 53184K, used 16619K [0x0000000116810000, 0x0000000119c00000, 0x000000014a6c0000)
  object space 53184K, 31% used [0x0000000116810000,0x000000011784af28,0x0000000119c00000)
 PSPermGen       total 21248K, used 12796K [0x0000000111610000, 0x0000000112ad0000, 0x0000000116810000)
  object space 21248K, 60% used [0x0000000111610000,0x000000011228f168,0x0000000112ad0000)
Event: 102.161 GC heap after
Heap after GC invocations=24 (full 0):
 PSYoungGen      total 19840K, used 768K [0x000000014a6c0000, 0x000000014bd40000, 0x0000000164610000)
  eden space 17792K, 0% used [0x000000014a6c0000,0x000000014a6c0000,0x000000014b820000)
  from space 2048K, 37% used [0x000000014bb40000,0x000000014bc00000,0x000000014bd40000)
  to   space 2624K, 0% used [0x000000014b820000,0x000000014b820000,0x000000014bab0000)
 ParOldGen       total 53184K, used 16678K [0x0000000116810000, 0x0000000119c00000, 0x000000014a6c0000)
  object space 53184K, 31% used [0x0000000116810000,0x0000000117859a90,0x0000000119c00000)
 PSPermGen       total 21248K, used 12796K [0x0000000111610000, 0x0000000112ad0000, 0x0000000116810000)
  object space 21248K, 60% used [0x0000000111610000,0x000000011228f168,0x0000000112ad0000)
}
Event: 102.362 GC heap before
{Heap before GC invocations=25 (full 0):
 PSYoungGen      total 19840K, used 18560K [0x000000014a6c0000, 0x000000014bd40000, 0x0000000164610000)
  eden space 17792K, 100% used [0x000000014a6c0000,0x000000014b820000,0x000000014b820000)
  from space 2048K, 37% used [0x000000014bb40000,0x000000014bc00000,0x000000014bd40000)
  to   space 2624K, 0% used [0x000000014b820000,0x000000014b820000,0x000000014bab0000)
 ParOldGen       total 53184K, used 16678K [0x0000000116810000, 0x0000000119c00000, 0x000000014a6c0000)
  object space 53184K, 31% used [0x0000000116810000,0x0000000117859a90,0x0000000119c00000)
 PSPermGen       total 21248K, used 12796K [0x0000000111610000, 0x0000000112ad0000, 0x0000000116810000)
  object space 21248K, 60% used [0x0000000111610000,0x000000011228f250,0x0000000112ad0000)
Event: 102.365 GC heap after
Heap after GC invocations=25 (full 0):
 PSYoungGen      total 18240K, used 832K [0x000000014a6c0000, 0x000000014bc80000, 0x0000000164610000)
  eden space 17408K, 0% used [0x000000014a6c0000,0x000000014a6c0000,0x000000014b7c0000)
  from space 832K, 100% used [0x000000014b820000,0x000000014b8f0000,0x000000014b8f0000)
  to   space 2432K, 0% used [0x000000014ba20000,0x000000014ba20000,0x000000014bc80000)
 ParOldGen       total 53184K, used 16737K [0x0000000116810000, 0x0000000119c00000, 0x000000014a6c0000)
  object space 53184K, 31% used [0x0000000116810000,0x00000001178685f8,0x0000000119c00000)
 PSPermGen       total 21248K, used 12796K [0x0000000111610000, 0x0000000112ad0000, 0x0000000116810000)
  object space 21248K, 60% used [0x0000000111610000,0x000000011228f250,0x0000000112ad0000)
}
Event: 102.632 GC heap before
{Heap before GC invocations=26 (full 0):
 PSYoungGen      total 18240K, used 18240K [0x000000014a6c0000, 0x000000014bc80000, 0x0000000164610000)
  eden space 17408K, 100% used [0x000000014a6c0000,0x000000014b7c0000,0x000000014b7c0000)
  from space 832K, 100% used [0x000000014b820000,0x000000014b8f0000,0x000000014b8f0000)
  to   space 2432K, 0% used [0x000000014ba20000,0x000000014ba20000,0x000000014bc80000)
 ParOldGen       total 53184K, used 16737K [0x0000000116810000, 0x0000000119c00000, 0x000000014a6c0000)
  object space 53184K, 31% used [0x0000000116810000,0x00000001178685f8,0x0000000119c00000)
 PSPermGen       total 21248K, used 12802K [0x0000000111610000, 0x0000000112ad0000, 0x0000000116810000)
  object space 21248K, 60% used [0x0000000111610000,0x0000000112290b20,0x0000000112ad0000)
Event: 102.634 GC heap after
Heap after GC invocations=26 (full 0):
 PSYoungGen      total 18944K, used 928K [0x000000014a6c0000, 0x000000014bc00000, 0x0000000164610000)
  eden space 17024K, 0% used [0x000000014a6c0000,0x000000014a6c0000,0x000000014b760000)
  from space 1920K, 48% used [0x000000014ba20000,0x000000014bb08000,0x000000014bc00000)
  to   space 2368K, 0% used [0x000000014b760000,0x000000014b760000,0x000000014b9b0000)
 ParOldGen       total 53184K, used 16796K [0x0000000116810000, 0x0000000119c00000, 0x000000014a6c0000)
  object space 53184K, 31% used [0x0000000116810000,0x0000000117877160,0x0000000119c00000)
 PSPermGen       total 21248K, used 12802K [0x0000000111610000, 0x0000000112ad0000, 0x0000000116810000)
  object space 21248K, 60% used [0x0000000111610000,0x0000000112290b20,0x0000000112ad0000)
}

