# JRE version: 7.0_10-b18
# Java VM: Java HotSpot(TM) 64-Bit Server VM (23.6-b04 mixed mode bsd-amd64 compressed oops)
Heap
 def new generation   total 7232K, used 6564K [0x0000000109360000, 0x0000000109b30000, 0x000000010dd60000)
  eden space 6464K, 100% used [0x0000000109360000, 0x00000001099b0000, 0x00000001099b0000)
  from space 768K,  13% used [0x00000001099b0000, 0x00000001099c9068, 0x0000000109a70000)
  to   space 768K,   0% used [0x0000000109a70000, 0x0000000109a70000, 0x0000000109b30000)
 tenured generation   total 15824K, used 9954K [0x000000010dd60000, 0x000000010ecd4000, 0x0000000117160000)
   the space 15824K,  62% used [0x000000010dd60000, 0x000000010e718a38, 0x000000010e718c00, 0x000000010ecd4000)
 compacting perm gen  total 21248K, used 12655K [0x0000000117160000, 0x0000000118620000, 0x000000011c360000)
   the space 21248K,  59% used [0x0000000117160000, 0x0000000117dbbce8, 0x0000000117dbbe00, 0x0000000118620000)
GC Heap History (10 events):
Event: 47.827 GC heap before
{Heap before GC invocations=189 (full 2):
 def new generation   total 7232K, used 6536K [0x0000000109360000, 0x0000000109b30000, 0x000000010dd60000)
  eden space 6464K, 100% used [0x0000000109360000, 0x00000001099b0000, 0x00000001099b0000)
  from space 768K,   9% used [0x0000000109a70000, 0x0000000109a82198, 0x0000000109b30000)
  to   space 768K,   0% used [0x00000001099b0000, 0x00000001099b0000, 0x0000000109a70000)
 tenured generation   total 15824K, used 9923K [0x000000010dd60000, 0x000000010ecd4000, 0x0000000117160000)
   the space 15824K,  62% used [0x000000010dd60000, 0x000000010e710e88, 0x000000010e711000, 0x000000010ecd4000)
 compacting perm gen  total 21248K, used 12652K [0x0000000117160000, 0x0000000118620000, 0x000000011c360000)
   the space 21248K,  59% used [0x0000000117160000, 0x0000000117dbb3c8, 0x0000000117dbb400, 0x0000000118620000)
No shared spaces configured.
Event: 47.831 GC heap after
Heap after GC invocations=190 (full 2):
 def new generation   total 7232K, used 670K [0x0000000109360000, 0x0000000109b30000, 0x000000010dd60000)
  eden space 6464K,   0% used [0x0000000109360000, 0x0000000109360000, 0x00000001099b0000)
  from space 768K,  87% used [0x00000001099b0000, 0x0000000109a57a28, 0x0000000109a70000)
  to   space 768K,   0% used [0x0000000109a70000, 0x0000000109a70000, 0x0000000109b30000)
 tenured generation   total 15824K, used 9923K [0x000000010dd60000, 0x000000010ecd4000, 0x0000000117160000)
   the space 15824K,  62% used [0x000000010dd60000, 0x000000010e710e88, 0x000000010e711000, 0x000000010ecd4000)
 compacting perm gen  total 21248K, used 12652K [0x0000000117160000, 0x0000000118620000, 0x000000011c360000)
   the space 21248K,  59% used [0x0000000117160000, 0x0000000117dbb3c8, 0x0000000117dbb400, 0x0000000118620000)
No shared spaces configured.
}
Event: 47.880 GC heap before
{Heap before GC invocations=190 (full 2):
 def new generation   total 7232K, used 7134K [0x0000000109360000, 0x0000000109b30000, 0x000000010dd60000)
  eden space 6464K, 100% used [0x0000000109360000, 0x00000001099b0000, 0x00000001099b0000)
  from space 768K,  87% used [0x00000001099b0000, 0x0000000109a57a28, 0x0000000109a70000)
  to   space 768K,   0% used [0x0000000109a70000, 0x0000000109a70000, 0x0000000109b30000)
 tenured generation   total 15824K, used 9923K [0x000000010dd60000, 0x000000010ecd4000, 0x0000000117160000)
   the space 15824K,  62% used [0x000000010dd60000, 0x000000010e710e88, 0x000000010e711000, 0x000000010ecd4000)
 compacting perm gen  total 21248K, used 12653K [0x0000000117160000, 0x0000000118620000, 0x000000011c360000)
   the space 21248K,  59% used [0x0000000117160000, 0x0000000117dbb6d0, 0x0000000117dbb800, 0x0000000118620000)
No shared spaces configured.
Event: 47.883 GC heap after
Heap after GC invocations=191 (full 2):
 def new generation   total 7232K, used 453K [0x0000000109360000, 0x0000000109b30000, 0x000000010dd60000)
  eden space 6464K,   0% used [0x0000000109360000, 0x0000000109360000, 0x00000001099b0000)
  from space 768K,  59% used [0x0000000109a70000, 0x0000000109ae16c8, 0x0000000109b30000)
  to   space 768K,   0% used [0x00000001099b0000, 0x00000001099b0000, 0x0000000109a70000)
 tenured generation   total 15824K, used 9949K [0x000000010dd60000, 0x000000010ecd4000, 0x0000000117160000)
   the space 15824K,  62% used [0x000000010dd60000, 0x000000010e717678, 0x000000010e717800, 0x000000010ecd4000)
 compacting perm gen  total 21248K, used 12653K [0x0000000117160000, 0x0000000118620000, 0x000000011c360000)
   the space 21248K,  59% used [0x0000000117160000, 0x0000000117dbb6d0, 0x0000000117dbb800, 0x0000000118620000)
No shared spaces configured.
}
Event: 47.931 GC heap before
{Heap before GC invocations=191 (full 2):
 def new generation   total 7232K, used 6917K [0x0000000109360000, 0x0000000109b30000, 0x000000010dd60000)
  eden space 6464K, 100% used [0x0000000109360000, 0x00000001099b0000, 0x00000001099b0000)
  from space 768K,  59% used [0x0000000109a70000, 0x0000000109ae16c8, 0x0000000109b30000)
  to   space 768K,   0% used [0x00000001099b0000, 0x00000001099b0000, 0x0000000109a70000)
 tenured generation   total 15824K, used 9949K [0x000000010dd60000, 0x000000010ecd4000, 0x0000000117160000)
   the space 15824K,  62% used [0x000000010dd60000, 0x000000010e717678, 0x000000010e717800, 0x000000010ecd4000)
 compacting perm gen  total 21248K, used 12653K [0x0000000117160000, 0x0000000118620000, 0x000000011c360000)
   the space 21248K,  59% used [0x0000000117160000, 0x0000000117dbb6d0, 0x0000000117dbb800, 0x0000000118620000)
No shared spaces configured.
Event: 47.935 GC heap after
Heap after GC invocations=192 (full 2):
 def new generation   total 7232K, used 639K [0x0000000109360000, 0x0000000109b30000, 0x000000010dd60000)
  eden space 6464K,   0% used [0x0000000109360000, 0x0000000109360000, 0x00000001099b0000)
  from space 768K,  83% used [0x00000001099b0000, 0x0000000109a4fc78, 0x0000000109a70000)
  to   space 768K,   0% used [0x0000000109a70000, 0x0000000109a70000, 0x0000000109b30000)
 tenured generation   total 15824K, used 9952K [0x000000010dd60000, 0x000000010ecd4000, 0x0000000117160000)
   the space 15824K,  62% used [0x000000010dd60000, 0x000000010e718000, 0x000000010e718000, 0x000000010ecd4000)
 compacting perm gen  total 21248K, used 12653K [0x0000000117160000, 0x0000000118620000, 0x000000011c360000)
   the space 21248K,  59% used [0x0000000117160000, 0x0000000117dbb6d0, 0x0000000117dbb800, 0x0000000118620000)
No shared spaces configured.
}
Event: 47.980 GC heap before
{Heap before GC invocations=192 (full 2):
 def new generation   total 7232K, used 7103K [0x0000000109360000, 0x0000000109b30000, 0x000000010dd60000)
  eden space 6464K, 100% used [0x0000000109360000, 0x00000001099b0000, 0x00000001099b0000)
  from space 768K,  83% used [0x00000001099b0000, 0x0000000109a4fc78, 0x0000000109a70000)
  to   space 768K,   0% used [0x0000000109a70000, 0x0000000109a70000, 0x0000000109b30000)
 tenured generation   total 15824K, used 9952K [0x000000010dd60000, 0x000000010ecd4000, 0x0000000117160000)
   the space 15824K,  62% used [0x000000010dd60000, 0x000000010e718000, 0x000000010e718000, 0x000000010ecd4000)
 compacting perm gen  total 21248K, used 12654K [0x0000000117160000, 0x0000000118620000, 0x000000011c360000)
   the space 21248K,  59% used [0x0000000117160000, 0x0000000117dbb8c8, 0x0000000117dbba00, 0x0000000118620000)
No shared spaces configured.
Event: 47.981 GC heap after
Heap after GC invocations=193 (full 2):
 def new generation   total 7232K, used 32K [0x0000000109360000, 0x0000000109b30000, 0x000000010dd60000)
  eden space 6464K,   0% used [0x0000000109360000, 0x0000000109360000, 0x00000001099b0000)
  from space 768K,   4% used [0x0000000109a70000, 0x0000000109a78330, 0x0000000109b30000)
  to   space 768K,   0% used [0x00000001099b0000, 0x00000001099b0000, 0x0000000109a70000)
 tenured generation   total 15824K, used 9954K [0x000000010dd60000, 0x000000010ecd4000, 0x0000000117160000)
   the space 15824K,  62% used [0x000000010dd60000, 0x000000010e718a38, 0x000000010e718c00, 0x000000010ecd4000)
 compacting perm gen  total 21248K, used 12654K [0x0000000117160000, 0x0000000118620000, 0x000000011c360000)
   the space 21248K,  59% used [0x0000000117160000, 0x0000000117dbb8c8, 0x0000000117dbba00, 0x0000000118620000)
No shared spaces configured.
}
Event: 48.025 GC heap before
{Heap before GC invocations=193 (full 2):
 def new generation   total 7232K, used 6496K [0x0000000109360000, 0x0000000109b30000, 0x000000010dd60000)
  eden space 6464K, 100% used [0x0000000109360000, 0x00000001099b0000, 0x00000001099b0000)
  from space 768K,   4% used [0x0000000109a70000, 0x0000000109a78330, 0x0000000109b30000)
  to   space 768K,   0% used [0x00000001099b0000, 0x00000001099b0000, 0x0000000109a70000)
 tenured generation   total 15824K, used 9954K [0x000000010dd60000, 0x000000010ecd4000, 0x0000000117160000)
   the space 15824K,  62% used [0x000000010dd60000, 0x000000010e718a38, 0x000000010e718c00, 0x000000010ecd4000)
 compacting perm gen  total 21248K, used 12654K [0x0000000117160000, 0x0000000118620000, 0x000000011c360000)
   the space 21248K,  59% used [0x0000000117160000, 0x0000000117dbb8c8, 0x0000000117dbba00, 0x0000000118620000)
No shared spaces configured.
Event: 48.027 GC heap after
Heap after GC invocations=194 (full 2):
 def new generation   total 7232K, used 100K [0x0000000109360000, 0x0000000109b30000, 0x000000010dd60000)
  eden space 6464K,   0% used [0x0000000109360000, 0x0000000109360000, 0x00000001099b0000)
  from space 768K,  13% used [0x00000001099b0000, 0x00000001099c9068, 0x0000000109a70000)
  to   space 768K,   0% used [0x0000000109a70000, 0x0000000109a70000, 0x0000000109b30000)
 tenured generation   total 15824K, used 9954K [0x000000010dd60000, 0x000000010ecd4000, 0x0000000117160000)
   the space 15824K,  62% used [0x000000010dd60000, 0x000000010e718a38, 0x000000010e718c00, 0x000000010ecd4000)
 compacting perm gen  total 21248K, used 12654K [0x0000000117160000, 0x0000000118620000, 0x000000011c360000)
   the space 21248K,  59% used [0x0000000117160000, 0x0000000117dbb8c8, 0x0000000117dbba00, 0x0000000118620000)
No shared spaces configured.
}

